<?xml version="1.0" encoding="UTF-8"?>
<!-- Generated by org.testng.reporters.JUnitReportReporter -->
<testsuite hostname="LAPTOP-6AIJLEUL" failures="0" tests="1" name="testCaseClasses.TestNGAnnotation" time="5.452" errors="0" timestamp="01 Jun 2021 18:46:46 GMT" skipped="0">
  <testcase classname="testCaseClasses.TestNGAnnotation" name="verifyGoogleTitle" time="5.452"/>
</testsuite> <!-- testCaseClasses.TestNGAnnotation -->
